2024-05-06 00:51:24,115 - INFO - input sentence: 杨幂，是中国知名的女演员和歌手，她凭借着出色的演技和甜美的外貌赢得了广大观众的喜爱，曾经参演过多部热播剧，如《欢乐颂》等。
2024-05-06 00:51:33,278 - INFO - entities: ['杨幂', '中国', '演员', '歌手', '欢乐颂']
2024-05-06 00:51:33,278 - INFO - triples: ['(杨幂, 是, 中国)', '(杨幂, 是, 演员)', '(杨幂, 是, 歌手)', '(杨幂, 赢得, 观众)', '(杨幂, 参演, 欢乐颂)']
2024-05-06 00:51:33,288 - INFO - input sentence: 漫画《攻士中的剑圣》是一个神秘而强大的势力，拥有无敌的剑术和超凡的战斗力，在故事中扮演着至关重要的角色。
2024-05-06 00:51:39,521 - INFO - entities: ['攻士中的剑圣']
2024-05-06 00:51:39,521 - INFO - triples: []
2024-05-06 00:51:39,530 - INFO - input sentence: 高楼，通常指建筑物的高层建筑，具有地标性的高楼如上海中心大厦和世界上最高的哈利法塔等吸引着众多游客和建筑爱好者。
2024-05-06 00:51:44,787 - INFO - entities: ['高楼', '上海中心大厦', '哈利法塔']
2024-05-06 00:51:44,787 - INFO - triples: ['(高楼, 具有, 地标性)', '(高楼, 吸引, 游客)', '(高楼, 吸引, 建筑爱好者)', '(高楼, 是, 建筑物的高层建筑)', '(上海中心大厦, 是, 高楼)', '(哈利法塔, 是, 高楼)']
2024-05-06 00:51:44,794 - INFO - input sentence: 飞机作为一种快速的交通工具，能够把人们带到世界的各个角落，改变了人们的出行方式和交流方式。
2024-05-06 00:51:50,497 - INFO - entities: ['飞机']
2024-05-06 00:51:50,497 - INFO - triples: []
2024-05-06 00:51:50,508 - INFO - input sentence: 苹果是一种常见的水果，富含维生素C和纤维素，有助于增强免疫力和促进消化。
2024-05-06 00:51:54,258 - INFO - entities: ['苹果', '维生素C', '纤维素']
2024-05-06 00:51:54,258 - INFO - triples: ['(苹果, 富含, 维生素C)', '(苹果, 富含, 纤维素)']
2024-05-06 00:51:54,267 - INFO - input sentence: 快手拉格那，是一种富有东南亚风情的舞蹈，起源于印度尼西亚，常常在各种庆典和节日中表演，以其独特的动作和丰富多彩的服饰而闻名。
2024-05-06 00:52:01,783 - INFO - input sentence: 长城，是中国古代的防御性建筑物之一，以其宏伟壮丽的建筑风格和重要的历史意义而闻名世界，被誉为世界的奇迹之一。
2024-05-06 00:52:07,512 - INFO - entities: ['长城']
2024-05-06 00:52:07,512 - INFO - triples: []
2024-05-06 00:52:07,526 - INFO - input sentence: 抗美援朝是指中华人民共和国和朝鲜民主主义人民共和国抗击美国及其盟国侵略的战争，这场战争由于涉及国际背景和历史背景，对当时国际关系和中国军事力量产生了深远影响。
2024-05-06 00:52:18,813 - INFO - entities: ['抗美援朝', '中华人民共和国', '朝鲜民主主义人民共和国', '美国', '中国', '战争', '国际背景', '历史背景', '国际关系', '中国军事力量']
2024-05-06 00:52:18,814 - INFO - triples: ['(抗美援朝, 涉及, 中华人民共和国)', '(抗美援朝, 涉及, 朝鲜民主主义人民共和国)', '(抗美援朝, 涉及, 美国)', '(抗美援朝, 涉及, 中国)', '(抗美援朝, 涉及, 战争)', '(战争, 产生, 国际背景)', '(战争, 产生, 历史背景)', '(战争, 产生, 国际关系)', '(战争, 产生, 中国军事力量)']
2024-05-06 00:52:18,823 - INFO - input sentence: 文化大革命是中国历史上一个重要的政治运动，由毛泽东发起，对中国社会政治经济文化造成了深远影响，给中国带来了极大的混乱和破坏。
2024-05-06 00:52:40,846 - INFO - input sentence: 杨幂，是中国知名的女演员和歌手，她凭借着出色的演技和甜美的外貌赢得了广大观众的喜爱，曾经参演过多部热播剧，如《欢乐颂》等。
2024-05-06 00:52:50,030 - INFO - entities: ['杨幂', '中国', '演员', '歌手', '观众', '热播剧', '欢乐颂']
2024-05-06 00:52:50,030 - INFO - triples: ['(杨幂, 是, 中国)', '(杨幂, 职业, 演员)', '(杨幂, 职业, 歌手)', '(杨幂, 获得, 观众)', '(杨幂, 特点, 外貌甜美)', '(杨幂, 出演, 欢乐颂)']
2024-05-06 00:52:50,046 - INFO - input sentence: 漫画《攻士中的剑圣》是一个神秘而强大的势力，拥有无敌的剑术和超凡的战斗力，在故事中扮演着至关重要的角色。
2024-05-06 00:52:57,551 - INFO - entities: ['漫画《攻士中的剑圣》', '剑术', '战斗力']
2024-05-06 00:52:57,551 - INFO - triples: ['(漫画《攻士中的剑圣》, 拥有, 剑术)', '(漫画《攻士中的剑圣》, 拥有, 战斗力)']
2024-05-06 00:52:57,559 - INFO - input sentence: 高楼，通常指建筑物的高层建筑，具有地标性的高楼如上海中心大厦和世界上最高的哈利法塔等吸引着众多游客和建筑爱好者。
2024-05-06 00:53:03,430 - INFO - entities: ['上海中心大厦', '哈利法塔']
2024-05-06 00:53:03,430 - INFO - triples: ['(上海中心大厦, 具有, 地标性)', '(上海中心大厦, 吸引, 游客)', '(上海中心大厦, 吸引, 建筑爱好者)', '(哈利法塔, 具有, 地标性)', '(哈利法塔, 吸引, 游客)', '(哈利法塔, 吸引, 建筑爱好者)']
2024-05-06 00:53:03,436 - INFO - input sentence: 飞机作为一种快速的交通工具，能够把人们带到世界的各个角落，改变了人们的出行方式和交流方式。
2024-05-06 00:53:09,108 - INFO - entities: ['飞机']
2024-05-06 00:53:09,108 - INFO - triples: []
2024-05-06 00:53:09,121 - INFO - input sentence: 苹果是一种常见的水果，富含维生素C和纤维素，有助于增强免疫力和促进消化。
2024-05-06 00:53:12,342 - INFO - entities: ['苹果', '维生素C', '纤维素']
2024-05-06 00:53:12,342 - INFO - triples: ['(苹果, 富含, 维生素C)', '(苹果, 富含, 纤维素)']
2024-05-06 00:53:12,349 - INFO - input sentence: 快手拉格那，是一种富有东南亚风情的舞蹈，起源于印度尼西亚，常常在各种庆典和节日中表演，以其独特的动作和丰富多彩的服饰而闻名。
2024-05-06 00:53:20,642 - INFO - input sentence: 快手拉格那，是一种富有东南亚风情的舞蹈，起源于印度尼西亚，常常在各种庆典和节日中表演，以其独特的动作和丰富多彩的服饰而闻名。
2024-05-06 00:53:27,391 - INFO - entities: ['快手拉格那', '印度尼西亚']
2024-05-06 00:53:27,392 - INFO - triples: ['(快手拉格那, 起源地, 印度尼西亚)']
2024-05-06 00:53:27,410 - INFO - input sentence: 长城，是中国古代的防御性建筑物之一，以其宏伟壮丽的建筑风格和重要的历史意义而闻名世界，被誉为世界的奇迹之一。
2024-05-06 00:53:33,933 - INFO - entities: ['长城', '中国', '古代', '防御性建筑物', '世界', '奇迹']
2024-05-06 00:53:33,934 - INFO - triples: ['(长城, 是, 防御性建筑物)', '(长城, 位于, 中国)', '(防御性建筑物, 描绘, 宏伟壮丽的建筑风格)', '(防御性建筑物, 具有, 历史意义)', '(长城, 被誉为, 世界的奇迹)']
2024-05-06 00:53:33,940 - INFO - input sentence: 抗美援朝是指中华人民共和国和朝鲜民主主义人民共和国抗击美国及其盟国侵略的战争，这场战争由于涉及国际背景和历史背景，对当时国际关系和中国军事力量产生了深远影响。
2024-05-06 00:53:44,916 - INFO - entities: ['抗美援朝', '中华人民共和国', '朝鲜民主主义人民共和国', '美国', '中国', '战争', '国际关系', '中国军事力量']
2024-05-06 00:53:44,916 - INFO - triples: ['(抗美援朝, 涉及, 中华人民共和国)', '(抗美援朝, 涉及, 朝鲜民主主义人民共和国)', '(抗美援朝, 涉及, 美国)', '(抗美援朝, 涉及, 中国)', '(抗美援朝, 影响, 国际关系)', '(抗美援朝, 影响, 中国军事力量)']
2024-05-06 00:53:44,922 - INFO - input sentence: 文化大革命是中国历史上一个重要的政治运动，由毛泽东发起，对中国社会政治经济文化造成了深远影响，给中国带来了极大的混乱和破坏。
2024-05-06 01:26:59,415 - INFO - input sentence: 杨幂，是中国知名的女演员和歌手，她凭借着出色的演技和甜美的外貌赢得了广大观众的喜爱，曾经参演过多部热播剧，如《欢乐颂》等。
2024-05-06 01:27:13,789 - INFO - input sentence: 漫画《攻士中的剑圣》是一个神秘而强大的势力，拥有无敌的剑术和超凡的战斗力，在故事中扮演着至关重要的角色。
2024-05-06 01:27:17,956 - INFO - entities: ['攻士中的剑圣']
2024-05-06 01:27:17,960 - INFO - triples: []
2024-05-06 01:27:17,993 - INFO - input sentence: 高楼，通常指建筑物的高层建筑，具有地标性的高楼如上海中心大厦和世界上最高的哈利法塔等吸引着众多游客和建筑爱好者。
2024-05-06 01:27:22,860 - INFO - entities: ['上海中心大厦', '哈利法塔']
2024-05-06 01:27:22,861 - INFO - triples: ['(上海中心大厦, 具有, 地标性)', '(哈利法塔, 具有, 地标性)']
2024-05-06 01:27:22,886 - INFO - input sentence: 飞机作为一种快速的交通工具，能够把人们带到世界的各个角落，改变了人们的出行方式和交流方式。
2024-05-06 01:27:25,484 - INFO - entities: ['飞机']
2024-05-06 01:27:25,485 - INFO - triples: []
2024-05-06 01:27:25,503 - INFO - input sentence: 苹果是一种常见的水果，富含维生素C和纤维素，有助于增强免疫力和促进消化。
2024-05-06 01:27:29,027 - INFO - entities: ['苹果', '维生素C', '纤维素']
2024-05-06 01:27:29,028 - INFO - triples: ['(苹果, 富含, 维生素C)', '(苹果, 富含, 纤维素)']
2024-05-06 01:27:29,055 - INFO - input sentence: 快手拉格那，是一种富有东南亚风情的舞蹈，起源于印度尼西亚，常常在各种庆典和节日中表演，以其独特的动作和丰富多彩的服饰而闻名。
2024-05-06 01:27:33,425 - INFO - entities: ['快手拉格那', '东南亚', '印度尼西亚']
2024-05-06 01:27:33,426 - INFO - triples: ['(快手拉格那, 起源地, 印度尼西亚)', '(快手拉格那, 富有风情, 东南亚)']
2024-05-06 01:27:33,451 - INFO - input sentence: 长城，是中国古代的防御性建筑物之一，以其宏伟壮丽的建筑风格和重要的历史意义而闻名世界，被誉为世界的奇迹之一。
2024-05-06 01:27:40,555 - INFO - input sentence: 杨幂，是中国知名的女演员和歌手，她凭借着出色的演技和甜美的外貌赢得了广大观众的喜爱，曾经参演过多部热播剧，如《欢乐颂》等。
2024-05-06 01:27:47,825 - INFO - entities: ['杨幂', '中国', '演员', '歌手', '观众', '热播剧', '欢乐颂']
2024-05-06 01:27:47,827 - INFO - triples: ['(杨幂, 是, 中国)', '(杨幂, 职业, 演员)', '(杨幂, 职业, 歌手)', '(杨幂, 获得, 观众)', '(杨幂, 特点, 出色的演技)', '(杨幂, 特点, 甜美的外貌)', '(杨幂, 参演, 欢乐颂)']
2024-05-06 01:27:47,856 - INFO - input sentence: 漫画《攻士中的剑圣》是一个神秘而强大的势力，拥有无敌的剑术和超凡的战斗力，在故事中扮演着至关重要的角色。
2024-05-06 01:27:51,388 - INFO - entities: ['攻士中的剑圣']
2024-05-06 01:27:51,390 - INFO - triples: []
2024-05-06 01:27:51,425 - INFO - input sentence: 高楼，通常指建筑物的高层建筑，具有地标性的高楼如上海中心大厦和世界上最高的哈利法塔等吸引着众多游客和建筑爱好者。
2024-05-06 01:27:56,397 - INFO - entities: ['高楼', '上海中心大厦', '哈利法塔']
2024-05-06 01:27:56,399 - INFO - triples: ['(高楼, 具有, 地标性)', '(高楼, 吸引, 游客)', '(高楼, 吸引, 建筑爱好者)', '(上海中心大厦, 具有, 高楼)', '(哈利法塔, 具有, 高楼)']
2024-05-06 01:27:56,425 - INFO - input sentence: 飞机作为一种快速的交通工具，能够把人们带到世界的各个角落，改变了人们的出行方式和交流方式。
2024-05-06 01:28:00,005 - INFO - entities: ['飞机']
2024-05-06 01:28:00,007 - INFO - triples: []
2024-05-06 01:28:00,035 - INFO - input sentence: 苹果是一种常见的水果，富含维生素C和纤维素，有助于增强免疫力和促进消化。
2024-05-06 01:28:03,306 - INFO - entities: ['苹果', '维生素C', '纤维素']
2024-05-06 01:28:03,307 - INFO - triples: ['(苹果, 富含, 维生素C)', '(苹果, 富含, 纤维素)']
2024-05-06 01:28:03,326 - INFO - input sentence: 快手拉格那，是一种富有东南亚风情的舞蹈，起源于印度尼西亚，常常在各种庆典和节日中表演，以其独特的动作和丰富多彩的服饰而闻名。
2024-05-06 01:28:08,191 - INFO - entities: ['快手拉格那', '东南亚', '印度尼西亚']
2024-05-06 01:28:08,191 - INFO - triples: ['(快手拉格那, 起源地, 印度尼西亚)', '(快手拉格那, 特点, 富有东南亚风情)', '(快手拉格那, 表演地点, 各种庆典和节日)']
2024-05-06 01:28:08,218 - INFO - input sentence: 长城，是中国古代的防御性建筑物之一，以其宏伟壮丽的建筑风格和重要的历史意义而闻名世界，被誉为世界的奇迹之一。
2024-05-06 01:28:16,288 - INFO - entities: ['长城', '中国', '古代', '防御性建筑物', '世界', '奇迹']
2024-05-06 01:28:16,288 - INFO - triples: ['(长城, 是, 中国)', '(长城, 是, 古代的防御性建筑物)', '(长城, 闻名于, 世界)', '(长城, 被誉为, 世界的奇迹)']
2024-05-06 01:28:16,308 - INFO - input sentence: 抗美援朝是指中华人民共和国和朝鲜民主主义人民共和国抗击美国及其盟国侵略的战争，这场战争由于涉及国际背景和历史背景，对当时国际关系和中国军事力量产生了深远影响。
